[2025-06-26 19:52:55] [INFO    ] discord.client: logging in using static token
[2025-06-26 19:52:55] [DEBUG   ] discord.http: GET https://discord.com/api/v10/users/@me with None has returned 200
[2025-06-26 19:52:55] [DEBUG   ] discord.http: GET /users/@me has found its initial rate limit bucket hash (78bb8553d9352a5a2f89f9def401287a).
[2025-06-26 19:52:55] [DEBUG   ] discord.http: GET https://discord.com/api/v10/users/@me has received {'id': '1387855722934567134', 'username': 'DisCloud', 'avatar': None, 'discriminator': '5472', 'public_flags': 0, 'flags': 0, 'bot': True, 'banner': None, 'accent_color': None, 'global_name': None, 'avatar_decoration_data': None, 'collectibles': None, 'banner_color': None, 'clan': None, 'primary_guild': None, 'mfa_enabled': False, 'locale': 'en-US', 'premium_type': 0, 'email': None, 'verified': True, 'bio': ''}
[2025-06-26 19:52:55] [DEBUG   ] discord.http: GET https://discord.com/api/v10/oauth2/applications/@me with None has returned 200
[2025-06-26 19:52:55] [DEBUG   ] discord.http: GET /oauth2/applications/@me has found its initial rate limit bucket hash (d28a133af187e91d71d96a223467ce49).
[2025-06-26 19:52:55] [DEBUG   ] discord.http: GET https://discord.com/api/v10/oauth2/applications/@me has received {'id': '1387855722934567134', 'name': 'DisCloud', 'icon': None, 'description': '', 'type': None, 'bot': {'id': '1387855722934567134', 'username': 'DisCloud', 'avatar': None, 'discriminator': '5472', 'public_flags': 0, 'flags': 0, 'bot': True, 'banner': None, 'accent_color': None, 'global_name': None, 'avatar_decoration_data': None, 'collectibles': None, 'banner_color': None, 'clan': None, 'primary_guild': None}, 'summary': '', 'is_monetized': False, 'is_verified': False, 'is_discoverable': False, 'bot_public': True, 'bot_require_code_grant': False, 'install_params': {'scopes': ['applications.commands'], 'permissions': '0'}, 'integration_types_config': {'0': {'oauth2_install_params': {'scopes': ['applications.commands'], 'permissions': '0'}}, '1': {'oauth2_install_params': {'scopes': ['applications.commands'], 'permissions': '0'}}}, 'verify_key': 'bcd2aa472e51876255c5af66f055ff8ac631f148c7a81d0bb2db9bda5c554d58', 'flags': 557056, 'hook': True, 'storefront_available': False, 'redirect_uris': [], 'interactions_endpoint_url': None, 'role_connections_verification_url': None, 'owner': {'id': '443328469716434957', 'username': 'akesa123', 'avatar': 'c99c93fffe3d5f10415e46b073d2819c', 'discriminator': '0', 'public_flags': 0, 'flags': 0, 'banner': None, 'accent_color': 10489615, 'global_name': 'Aleksa', 'avatar_decoration_data': {'asset': 'a_40222dd9e7bb6e2949cd8f4bd857fe8b', 'sku_id': '1384247972107386911', 'expires_at': 1755990000}, 'collectibles': None, 'banner_color': '#a00f0f', 'clan': None, 'primary_guild': None}, 'approximate_guild_count': 0, 'approximate_user_install_count': 0, 'approximate_user_authorization_count': 0, 'interactions_event_types': [], 'interactions_version': 1, 'explicit_content_filter': 0, 'rpc_application_state': 0, 'store_application_state': 1, 'verification_state': 1, 'integration_public': True, 'integration_require_code_grant': False, 'discoverability_state': 1, 'discovery_eligibility_flags': 224, 'monetization_state': 1, 'verification_eligibility_flags': 91036, 'monetization_eligibility_flags': 181988, 'team': None, 'internal_guild_restriction': 2, 'approved_consoles': []}
[2025-06-26 19:52:55] [DEBUG   ] discord.gateway: Created websocket connected to wss://gateway.discord.gg/
[2025-06-26 19:52:55] [DEBUG   ] discord.gateway: For Shard ID None: WebSocket Event: {'t': None, 's': None, 'op': 10, 'd': {'heartbeat_interval': 41250, '_trace': ['["gateway-prd-us-east1-c-bb63",{"micros":0.0}]']}}
[2025-06-26 19:52:55] [DEBUG   ] discord.gateway: Shard ID None has sent the IDENTIFY payload.
[2025-06-26 19:52:56] [DEBUG   ] discord.gateway: For Shard ID None: WebSocket Event: {'t': None, 's': None, 'op': 11, 'd': None}
[2025-06-26 19:52:58] [DEBUG   ] discord.gateway: For Shard ID None: WebSocket Event: {'t': 'READY', 's': 1, 'op': 0, 'd': {'v': 10, 'user_settings': {}, 'user': {'verified': True, 'username': 'DisCloud', 'primary_guild': None, 'mfa_enabled': False, 'id': '1387855722934567134', 'global_name': None, 'flags': 0, 'email': None, 'discriminator': '5472', 'clan': None, 'bot': True, 'avatar': None}, 'session_type': 'normal', 'session_id': '3fd1fc08654578dbbc636e08ed494e2f', 'resume_gateway_url': 'wss://gateway-us-east1-c.discord.gg', 'relationships': [], 'private_channels': [], 'presences': [], 'guilds': [{'unavailable': True, 'id': '691580400501260329'}], 'guild_join_requests': [], 'geo_ordered_rtc_regions': ['iceland', 'london', 'rotterdam', 'stockholm', 'paris'], 'game_relationships': [], 'auth': {}, 'application': {'id': '1387855722934567134', 'flags': 557056}, '_trace': ['["gateway-prd-us-east1-c-bb63",{"micros":2693246,"calls":["id_created",{"micros":416,"calls":[]},"session_lookup_time",{"micros":442,"calls":[]},"session_lookup_finished",{"micros":17,"calls":[]},"discord-sessions-prd-2-125",{"micros":2691952,"calls":["start_session",{"micros":2689577,"calls":["discord-api-rpc-6b46f9c57d-fs229",{"micros":323049,"calls":["get_user",{"micros":86729},"get_guilds",{"micros":5153},"send_scheduled_deletion_message",{"micros":23},"guild_join_requests",{"micros":7432},"authorized_ip_coro",{"micros":11},"pending_payments",{"micros":4718},"apex_experiments",{"micros":6},"user_activities",{"micros":3},"played_application_ids",{"micros":2}]}]},"starting_guild_connect",{"micros":47,"calls":[]},"presence_started",{"micros":267,"calls":[]},"guilds_started",{"micros":73,"calls":[]},"lobbies_started",{"micros":1,"calls":[]},"guilds_connect",{"micros":1,"calls":[]},"presence_connect",{"micros":1969,"calls":[]},"connect_finished",{"micros":1973,"calls":[]},"build_ready",{"micros":12,"calls":[]},"clean_ready",{"micros":0,"calls":[]},"optimize_ready",{"micros":0,"calls":[]},"split_ready",{"micros":1,"calls":[]}]}]}]']}}
[2025-06-26 19:52:58] [DEBUG   ] discord.client: Dispatching event socket_event_type
[2025-06-26 19:52:58] [INFO    ] discord.gateway: Shard ID None has connected to Gateway (Session ID: 3fd1fc08654578dbbc636e08ed494e2f).
[2025-06-26 19:52:58] [DEBUG   ] discord.client: Dispatching event connect
[2025-06-26 19:52:58] [DEBUG   ] discord.gateway: For Shard ID None: WebSocket Event: {'t': 'GUILD_CREATE', 's': 2, 'op': 0, 'd': {'stage_instances': [], 'moderator_reporting': None, 'premium_features': None, 'profile': None, 'system_channel_flags': 0, 'rules_channel_id': None, 'premium_tier': 0, 'verification_level': 0, 'nsfw_level': 0, 'banner': None, 'public_updates_channel_id': None, 'vanity_url_code': None, 'inventory_settings': None, 'id': '691580400501260329', 'default_message_notifications': 0, 'name': "Aleksa's server", 'icon': None, 'emojis': [], 'unavailable': False, 'mfa_level': 0, 'region': 'deprecated', 'members': [{'user': {'username': 'DisCloud', 'public_flags': 0, 'primary_guild': None, 'id': '1387855722934567134', 'global_name': None, 'display_name': None, 'discriminator': '5472', 'collectibles': None, 'bot': True, 'avatar_decoration_data': None, 'avatar': None}, 'roles': ['1387882983062507563'], 'premium_since': None, 'pending': False, 'nick': None, 'mute': False, 'joined_at': '2025-06-26T19:51:28.882961+00:00', 'flags': 1, 'deaf': False, 'communication_disabled_until': None, 'banner': None, 'avatar': None}], 'threads': [], 'guild_scheduled_events': [], 'channels': [{'version': 0, 'type': 4, 'position': 0, 'permission_overwrites': [], 'name': 'Text Channels', 'id': '691580400501260330', 'flags': 0}, {'version': 0, 'type': 4, 'position': 0, 'permission_overwrites': [], 'name': 'Voice Channels', 'id': '691580400501260331', 'flags': 0}, {'version': 0, 'type': 0, 'topic': None, 'rate_limit_per_user': 0, 'position': 0, 'permission_overwrites': [], 'parent_id': '691580400501260330', 'name': 'general', 'last_message_id': '1387883266782138438', 'id': '691580400501260332', 'flags': 0}, {'version': 0, 'user_limit': 0, 'type': 2, 'status': None, 'rtc_region': None, 'rate_limit_per_user': 0, 'position': 0, 'permission_overwrites': [], 'parent_id': '691580400501260331', 'name': 'General', 'last_message_id': None, 'id': '691580400501260333', 'flags': 0, 'bitrate': 64000}], 'max_video_channel_users': 25, 'joined_at': '2025-06-26T19:51:28.882961+00:00', 'home_header': None, 'afk_timeout': 300, 'roles': [{'version': 0, 'unicode_emoji': None, 'tags': {}, 'position': 0, 'permissions': '2248473465839169', 'name': '@everyone', 'mentionable': False, 'managed': False, 'id': '691580400501260329', 'icon': None, 'hoist': False, 'flags': 0, 'colors': {'tertiary_color': None, 'secondary_color': None, 'primary_color': 0}, 'color': 0}, {'version': 1750967006596, 'unicode_emoji': None, 'tags': {}, 'position': 1, 'permissions': '0', 'name': 'Gamer', 'mentionable': False, 'managed': False, 'id': '1387880897562542190', 'icon': None, 'hoist': True, 'flags': 0, 'colors': {'tertiary_color': None, 'secondary_color': None, 'primary_color': 0}, 'color': 0}, {'version': 1750967488856, 'unicode_emoji': None, 'tags': {'bot_id': '1387855722934567134'}, 'position': 1, 'permissions': '563276639759424', 'name': 'DisCloud', 'mentionable': False, 'managed': True, 'id': '1387882983062507563', 'icon': None, 'hoist': False, 'flags': 0, 'colors': {'tertiary_color': None, 'secondary_color': None, 'primary_color': 0}, 'color': 0}], 'premium_subscription_count': 0, 'description': None, 'system_channel_id': '691580400501260332', 'lazy': True, 'incidents_data': None, 'explicit_content_filter': 0, 'safety_alerts_channel_id': None, 'stickers': [], 'application_command_counts': {}, 'premium_progress_bar_enabled': False, 'afk_channel_id': None, 'nsfw': False, 'soundboard_sounds': [], 'voice_states': [], 'large': False, 'features': [], 'max_stage_video_channel_users': 50, 'hub_type': None, 'member_count': 2, 'splash': None, 'latest_onboarding_question_id': None, 'preferred_locale': 'en-US', 'owner_id': '443328469716434957', 'activity_instances': [], 'version': 1750966985327, 'embedded_activities': [], 'max_members': 500000, 'presences': [], 'discovery_splash': None, 'application_id': None}}
[2025-06-26 19:52:58] [DEBUG   ] discord.client: Dispatching event socket_event_type
[2025-06-26 19:52:58] [DEBUG   ] discord.gateway: For Shard ID None: WebSocket Event: {'t': 'GUILD_MEMBERS_CHUNK', 's': 3, 'op': 0, 'd': {'nonce': '5b89adcd2a8e89f63217598ef6a6d742', 'members': [{'user': {'username': 'akesa123', 'public_flags': 0, 'primary_guild': None, 'id': '443328469716434957', 'global_name': 'Aleksa', 'display_name': 'Aleksa', 'discriminator': '0', 'collectibles': None, 'bot': False, 'avatar_decoration_data': {'sku_id': '1384247972107386911', 'expires_at': 1755990000, 'asset': 'a_40222dd9e7bb6e2949cd8f4bd857fe8b'}, 'avatar': 'c99c93fffe3d5f10415e46b073d2819c'}, 'roles': [], 'premium_since': None, 'pending': False, 'nick': None, 'mute': False, 'joined_at': '2020-03-23T09:33:36.465000+00:00', 'flags': 0, 'deaf': False, 'communication_disabled_until': None, 'banner': None, 'avatar': None}, {'user': {'username': 'DisCloud', 'public_flags': 0, 'primary_guild': None, 'id': '1387855722934567134', 'global_name': None, 'display_name': None, 'discriminator': '5472', 'collectibles': None, 'bot': True, 'avatar_decoration_data': None, 'avatar': None}, 'roles': ['1387882983062507563'], 'premium_since': None, 'pending': False, 'nick': None, 'mute': False, 'joined_at': '2025-06-26T19:51:28.882961+00:00', 'flags': 1, 'deaf': False, 'communication_disabled_until': None, 'banner': None, 'avatar': None}], 'guild_id': '691580400501260329', 'chunk_index': 0, 'chunk_count': 1}}
[2025-06-26 19:52:58] [DEBUG   ] discord.client: Dispatching event socket_event_type
[2025-06-26 19:52:58] [DEBUG   ] discord.state: Processed a chunk for 2 members in guild ID 691580400501260329.
[2025-06-26 19:52:59] [DEBUG   ] discord.gateway: For Shard ID None: WebSocket Event: {'t': 'MESSAGE_CREATE', 's': 4, 'op': 0, 'd': {'type': 0, 'tts': False, 'timestamp': '2025-06-26T19:52:56.182000+00:00', 'pinned': False, 'nonce': '1387883361107705856', 'mentions': [], 'mention_roles': [], 'mention_everyone': False, 'member': {'roles': [], 'premium_since': None, 'pending': False, 'nick': None, 'mute': False, 'joined_at': '2020-03-23T09:33:36.465000+00:00', 'flags': 0, 'deaf': False, 'communication_disabled_until': None, 'banner': None, 'avatar': None}, 'id': '1387883349649002647', 'flags': 0, 'embeds': [], 'edited_timestamp': None, 'content': '!assign', 'components': [], 'channel_type': 0, 'channel_id': '691580400501260332', 'author': {'username': 'akesa123', 'public_flags': 0, 'primary_guild': None, 'id': '443328469716434957', 'global_name': 'Aleksa', 'discriminator': '0', 'collectibles': None, 'clan': None, 'avatar_decoration_data': {'sku_id': '1384247972107386911', 'expires_at': 1755990000, 'asset': 'a_40222dd9e7bb6e2949cd8f4bd857fe8b'}, 'avatar': 'c99c93fffe3d5f10415e46b073d2819c'}, 'attachments': [], 'guild_id': '691580400501260329'}}
[2025-06-26 19:52:59] [DEBUG   ] discord.client: Dispatching event socket_event_type
[2025-06-26 19:52:59] [DEBUG   ] discord.client: Dispatching event message
[2025-06-26 19:52:59] [DEBUG   ] discord.client: Dispatching event command
[2025-06-26 19:52:59] [DEBUG   ] discord.http: PUT https://discord.com/api/v10/guilds/691580400501260329/members/443328469716434957/roles/1387880897562542190 with None has returned 403
[2025-06-26 19:52:59] [DEBUG   ] discord.http: PUT /guilds/{guild_id}/members/{user_id}/roles/{role_id} has found its initial rate limit bucket hash (b0bb9027ff6ae0c9619c2719f4a24de5).
[2025-06-26 19:52:59] [DEBUG   ] discord.client: Dispatching event command_error
[2025-06-26 19:52:59] [ERROR   ] discord.ext.commands.bot: Ignoring exception in command assign
Traceback (most recent call last):
  File "C:\Users\Lenovo\Desktop\Summer Project\.venv\Lib\site-packages\discord\ext\commands\core.py", line 235, in wrapped
    ret = await coro(*args, **kwargs)
          ^^^^^^^^^^^^^^^^^^^^^^^^^^^
  File "C:\Users\Lenovo\Documents\GitHub\DisCloud\bot_setup\main_bot.py", line 43, in assign
    await ctx.author.add_roles(role)
  File "C:\Users\Lenovo\Desktop\Summer Project\.venv\Lib\site-packages\discord\member.py", line 1077, in add_roles
    await req(guild_id, user_id, role.id, reason=reason)
  File "C:\Users\Lenovo\Desktop\Summer Project\.venv\Lib\site-packages\discord\http.py", line 756, in request
    raise Forbidden(response, data)
discord.errors.Forbidden: 403 Forbidden (error code: 50013): Missing Permissions

The above exception was the direct cause of the following exception:

Traceback (most recent call last):
  File "C:\Users\Lenovo\Desktop\Summer Project\.venv\Lib\site-packages\discord\ext\commands\bot.py", line 1366, in invoke
    await ctx.command.invoke(ctx)
  File "C:\Users\Lenovo\Desktop\Summer Project\.venv\Lib\site-packages\discord\ext\commands\core.py", line 1029, in invoke
    await injected(*ctx.args, **ctx.kwargs)  # type: ignore
    ^^^^^^^^^^^^^^^^^^^^^^^^^^^^^^^^^^^^^^^
  File "C:\Users\Lenovo\Desktop\Summer Project\.venv\Lib\site-packages\discord\ext\commands\core.py", line 244, in wrapped
    raise CommandInvokeError(exc) from exc
discord.ext.commands.errors.CommandInvokeError: Command raised an exception: Forbidden: 403 Forbidden (error code: 50013): Missing Permissions
[2025-06-26 19:53:00] [DEBUG   ] discord.client: Dispatching event guild_available
[2025-06-26 19:53:00] [DEBUG   ] discord.client: Dispatching event ready
[2025-06-26 19:53:04] [DEBUG   ] discord.gateway: For Shard ID None: WebSocket Event: {'t': 'TYPING_START', 's': 5, 'op': 0, 'd': {'user_id': '443328469716434957', 'timestamp': 1750967581, 'member': {'user': {'username': 'akesa123', 'public_flags': 0, 'primary_guild': None, 'id': '443328469716434957', 'global_name': 'Aleksa', 'display_name': 'Aleksa', 'discriminator': '0', 'collectibles': None, 'bot': False, 'avatar_decoration_data': {'sku_id': '1384247972107386911', 'expires_at': 1755990000, 'asset': 'a_40222dd9e7bb6e2949cd8f4bd857fe8b'}, 'avatar': 'c99c93fffe3d5f10415e46b073d2819c'}, 'roles': [], 'premium_since': None, 'pending': False, 'nick': None, 'mute': False, 'joined_at': '2020-03-23T09:33:36.465000+00:00', 'flags': 0, 'deaf': False, 'communication_disabled_until': None, 'banner': None, 'avatar': None}, 'channel_id': '691580400501260332', 'guild_id': '691580400501260329'}}
[2025-06-26 19:53:04] [DEBUG   ] discord.client: Dispatching event socket_event_type
[2025-06-26 19:53:04] [DEBUG   ] discord.client: Dispatching event typing
[2025-06-26 19:53:04] [DEBUG   ] discord.client: Dispatching event raw_typing
[2025-06-26 19:53:05] [DEBUG   ] discord.gateway: For Shard ID None: WebSocket Event: {'t': 'MESSAGE_CREATE', 's': 6, 'op': 0, 'd': {'type': 0, 'tts': False, 'timestamp': '2025-06-26T19:53:02.347000+00:00', 'pinned': False, 'nonce': '1387883387074641920', 'mentions': [], 'mention_roles': [], 'mention_everyone': False, 'member': {'roles': [], 'premium_since': None, 'pending': False, 'nick': None, 'mute': False, 'joined_at': '2020-03-23T09:33:36.465000+00:00', 'flags': 0, 'deaf': False, 'communication_disabled_until': None, 'banner': None, 'avatar': None}, 'id': '1387883375506886716', 'flags': 0, 'embeds': [], 'edited_timestamp': None, 'content': '!assign', 'components': [], 'channel_type': 0, 'channel_id': '691580400501260332', 'author': {'username': 'akesa123', 'public_flags': 0, 'primary_guild': None, 'id': '443328469716434957', 'global_name': 'Aleksa', 'discriminator': '0', 'collectibles': None, 'clan': None, 'avatar_decoration_data': {'sku_id': '1384247972107386911', 'expires_at': 1755990000, 'asset': 'a_40222dd9e7bb6e2949cd8f4bd857fe8b'}, 'avatar': 'c99c93fffe3d5f10415e46b073d2819c'}, 'attachments': [], 'guild_id': '691580400501260329'}}
[2025-06-26 19:53:05] [DEBUG   ] discord.client: Dispatching event socket_event_type
[2025-06-26 19:53:05] [DEBUG   ] discord.client: Dispatching event message
[2025-06-26 19:53:05] [DEBUG   ] discord.client: Dispatching event command
[2025-06-26 19:53:05] [DEBUG   ] discord.http: PUT https://discord.com/api/v10/guilds/691580400501260329/members/443328469716434957/roles/1387880897562542190 with None has returned 403
[2025-06-26 19:53:05] [DEBUG   ] discord.client: Dispatching event command_error
[2025-06-26 19:53:05] [ERROR   ] discord.ext.commands.bot: Ignoring exception in command assign
Traceback (most recent call last):
  File "C:\Users\Lenovo\Desktop\Summer Project\.venv\Lib\site-packages\discord\ext\commands\core.py", line 235, in wrapped
    ret = await coro(*args, **kwargs)
          ^^^^^^^^^^^^^^^^^^^^^^^^^^^
  File "C:\Users\Lenovo\Documents\GitHub\DisCloud\bot_setup\main_bot.py", line 43, in assign
    await ctx.author.add_roles(role)
  File "C:\Users\Lenovo\Desktop\Summer Project\.venv\Lib\site-packages\discord\member.py", line 1077, in add_roles
    await req(guild_id, user_id, role.id, reason=reason)
  File "C:\Users\Lenovo\Desktop\Summer Project\.venv\Lib\site-packages\discord\http.py", line 756, in request
    raise Forbidden(response, data)
discord.errors.Forbidden: 403 Forbidden (error code: 50013): Missing Permissions

The above exception was the direct cause of the following exception:

Traceback (most recent call last):
  File "C:\Users\Lenovo\Desktop\Summer Project\.venv\Lib\site-packages\discord\ext\commands\bot.py", line 1366, in invoke
    await ctx.command.invoke(ctx)
  File "C:\Users\Lenovo\Desktop\Summer Project\.venv\Lib\site-packages\discord\ext\commands\core.py", line 1029, in invoke
    await injected(*ctx.args, **ctx.kwargs)  # type: ignore
    ^^^^^^^^^^^^^^^^^^^^^^^^^^^^^^^^^^^^^^^
  File "C:\Users\Lenovo\Desktop\Summer Project\.venv\Lib\site-packages\discord\ext\commands\core.py", line 244, in wrapped
    raise CommandInvokeError(exc) from exc
discord.ext.commands.errors.CommandInvokeError: Command raised an exception: Forbidden: 403 Forbidden (error code: 50013): Missing Permissions
[2025-06-26 19:53:34] [DEBUG   ] discord.gateway: For Shard ID None: WebSocket Event: {'t': 'GUILD_ROLE_UPDATE', 's': 7, 'op': 0, 'd': {'role': {'version': 1750967611110, 'unicode_emoji': None, 'tags': {'bot_id': '1387855722934567134'}, 'position': 2, 'permissions': '563276639759424', 'name': 'DisCloud', 'mentionable': False, 'managed': True, 'id': '1387882983062507563', 'icon': None, 'hoist': False, 'flags': 0, 'description': None, 'colors': {'tertiary_color': None, 'secondary_color': None, 'primary_color': 0}, 'color': 0}, 'guild_id': '691580400501260329'}}
[2025-06-26 19:53:34] [DEBUG   ] discord.client: Dispatching event socket_event_type
[2025-06-26 19:53:34] [DEBUG   ] discord.client: Dispatching event guild_role_update
[2025-06-26 19:53:37] [DEBUG   ] discord.gateway: Keeping shard ID None websocket alive with sequence 7.
[2025-06-26 19:53:37] [DEBUG   ] discord.gateway: For Shard ID None: WebSocket Event: {'t': None, 's': None, 'op': 11, 'd': None}
[2025-06-26 19:53:39] [DEBUG   ] discord.gateway: For Shard ID None: WebSocket Event: {'t': 'TYPING_START', 's': 8, 'op': 0, 'd': {'user_id': '443328469716434957', 'timestamp': 1750967616, 'member': {'user': {'username': 'akesa123', 'public_flags': 0, 'primary_guild': None, 'id': '443328469716434957', 'global_name': 'Aleksa', 'display_name': 'Aleksa', 'discriminator': '0', 'collectibles': None, 'bot': False, 'avatar_decoration_data': {'sku_id': '1384247972107386911', 'expires_at': 1755990000, 'asset': 'a_40222dd9e7bb6e2949cd8f4bd857fe8b'}, 'avatar': 'c99c93fffe3d5f10415e46b073d2819c'}, 'roles': [], 'premium_since': None, 'pending': False, 'nick': None, 'mute': False, 'joined_at': '2020-03-23T09:33:36.465000+00:00', 'flags': 0, 'deaf': False, 'communication_disabled_until': None, 'banner': None, 'avatar': None}, 'channel_id': '691580400501260332', 'guild_id': '691580400501260329'}}
[2025-06-26 19:53:39] [DEBUG   ] discord.client: Dispatching event socket_event_type
[2025-06-26 19:53:39] [DEBUG   ] discord.client: Dispatching event typing
[2025-06-26 19:53:39] [DEBUG   ] discord.client: Dispatching event raw_typing
[2025-06-26 19:53:39] [DEBUG   ] discord.gateway: For Shard ID None: WebSocket Event: {'t': 'MESSAGE_CREATE', 's': 9, 'op': 0, 'd': {'type': 0, 'tts': False, 'timestamp': '2025-06-26T19:53:36.337000+00:00', 'pinned': False, 'nonce': '1387883529546760192', 'mentions': [], 'mention_roles': [], 'mention_everyone': False, 'member': {'roles': [], 'premium_since': None, 'pending': False, 'nick': None, 'mute': False, 'joined_at': '2020-03-23T09:33:36.465000+00:00', 'flags': 0, 'deaf': False, 'communication_disabled_until': None, 'banner': None, 'avatar': None}, 'id': '1387883518071406672', 'flags': 0, 'embeds': [], 'edited_timestamp': None, 'content': '!assign', 'components': [], 'channel_type': 0, 'channel_id': '691580400501260332', 'author': {'username': 'akesa123', 'public_flags': 0, 'primary_guild': None, 'id': '443328469716434957', 'global_name': 'Aleksa', 'discriminator': '0', 'collectibles': None, 'clan': None, 'avatar_decoration_data': {'sku_id': '1384247972107386911', 'expires_at': 1755990000, 'asset': 'a_40222dd9e7bb6e2949cd8f4bd857fe8b'}, 'avatar': 'c99c93fffe3d5f10415e46b073d2819c'}, 'attachments': [], 'guild_id': '691580400501260329'}}
[2025-06-26 19:53:39] [DEBUG   ] discord.client: Dispatching event socket_event_type
[2025-06-26 19:53:39] [DEBUG   ] discord.client: Dispatching event message
[2025-06-26 19:53:39] [DEBUG   ] discord.client: Dispatching event command
[2025-06-26 19:53:39] [DEBUG   ] discord.gateway: For Shard ID None: WebSocket Event: {'t': 'GUILD_MEMBER_UPDATE', 's': 10, 'op': 0, 'd': {'user': {'username': 'akesa123', 'public_flags': 0, 'primary_guild': None, 'id': '443328469716434957', 'global_name': 'Aleksa', 'discriminator': '0', 'collectibles': None, 'clan': None, 'avatar_decoration_data': {'sku_id': '1384247972107386911', 'expires_at': 1755990000, 'asset': 'a_40222dd9e7bb6e2949cd8f4bd857fe8b'}, 'avatar': 'c99c93fffe3d5f10415e46b073d2819c'}, 'unusual_dm_activity_until': None, 'roles': ['1387880897562542190'], 'premium_since': None, 'pending': False, 'nick': None, 'joined_at': '2020-03-23T09:33:36.465000+00:00', 'guild_id': '691580400501260329', 'flags': 0, 'communication_disabled_until': None, 'banner': None, 'avatar': None}}
[2025-06-26 19:53:39] [DEBUG   ] discord.client: Dispatching event socket_event_type
[2025-06-26 19:53:39] [DEBUG   ] discord.client: Dispatching event member_update
[2025-06-26 19:53:39] [DEBUG   ] discord.http: PUT https://discord.com/api/v10/guilds/691580400501260329/members/443328469716434957/roles/1387880897562542190 with None has returned 204
[2025-06-26 19:53:39] [DEBUG   ] discord.http: PUT https://discord.com/api/v10/guilds/691580400501260329/members/443328469716434957/roles/1387880897562542190 has received 
[2025-06-26 19:53:39] [DEBUG   ] discord.gateway: For Shard ID None: WebSocket Event: {'t': 'MESSAGE_CREATE', 's': 11, 'op': 0, 'd': {'type': 0, 'tts': False, 'timestamp': '2025-06-26T19:53:36.831000+00:00', 'pinned': False, 'nonce': '12193757638084595221', 'mentions': [{'username': 'akesa123', 'public_flags': 0, 'primary_guild': None, 'member': {'roles': ['1387880897562542190'], 'premium_since': None, 'pending': False, 'nick': None, 'mute': False, 'joined_at': '2020-03-23T09:33:36.465000+00:00', 'flags': 0, 'deaf': False, 'communication_disabled_until': None, 'banner': None, 'avatar': None}, 'id': '443328469716434957', 'global_name': 'Aleksa', 'discriminator': '0', 'collectibles': None, 'clan': None, 'avatar_decoration_data': {'sku_id': '1384247972107386911', 'expires_at': 1755990000, 'asset': 'a_40222dd9e7bb6e2949cd8f4bd857fe8b'}, 'avatar': 'c99c93fffe3d5f10415e46b073d2819c'}], 'mention_roles': [], 'mention_everyone': False, 'member': {'roles': ['1387882983062507563'], 'premium_since': None, 'pending': False, 'nick': None, 'mute': False, 'joined_at': '2025-06-26T19:51:28.882961+00:00', 'flags': 1, 'deaf': False, 'communication_disabled_until': None, 'banner': None, 'avatar': None}, 'id': '1387883520143392891', 'flags': 0, 'embeds': [], 'edited_timestamp': None, 'content': '<@443328469716434957> You are now assigned to Gamer!', 'components': [], 'channel_type': 0, 'channel_id': '691580400501260332', 'author': {'username': 'DisCloud', 'public_flags': 0, 'primary_guild': None, 'id': '1387855722934567134', 'global_name': None, 'discriminator': '5472', 'collectibles': None, 'clan': None, 'bot': True, 'avatar_decoration_data': None, 'avatar': None}, 'attachments': [], 'guild_id': '691580400501260329'}}
[2025-06-26 19:53:39] [DEBUG   ] discord.client: Dispatching event socket_event_type
[2025-06-26 19:53:39] [DEBUG   ] discord.client: Dispatching event message
[2025-06-26 19:53:39] [DEBUG   ] discord.http: POST https://discord.com/api/v10/channels/691580400501260332/messages with {"content":"<@443328469716434957> You are now assigned to Gamer!","components":[],"nonce":"12193757638084595221","enforce_nonce":true,"tts":false} has returned 200
[2025-06-26 19:53:39] [DEBUG   ] discord.http: POST /channels/{channel_id}/messages has found its initial rate limit bucket hash (3df15bae86f6647dd4dfcbd5c6949480).
[2025-06-26 19:53:39] [DEBUG   ] discord.http: POST https://discord.com/api/v10/channels/691580400501260332/messages has received {'type': 0, 'content': '<@443328469716434957> You are now assigned to Gamer!', 'mentions': [{'id': '443328469716434957', 'username': 'akesa123', 'avatar': 'c99c93fffe3d5f10415e46b073d2819c', 'discriminator': '0', 'public_flags': 0, 'flags': 0, 'banner': None, 'accent_color': 10489615, 'global_name': 'Aleksa', 'avatar_decoration_data': {'asset': 'a_40222dd9e7bb6e2949cd8f4bd857fe8b', 'sku_id': '1384247972107386911', 'expires_at': 1755990000}, 'collectibles': None, 'banner_color': '#a00f0f', 'clan': None, 'primary_guild': None}], 'mention_roles': [], 'attachments': [], 'embeds': [], 'timestamp': '2025-06-26T19:53:36.831000+00:00', 'edited_timestamp': None, 'flags': 0, 'components': [], 'id': '1387883520143392891', 'channel_id': '691580400501260332', 'author': {'id': '1387855722934567134', 'username': 'DisCloud', 'avatar': None, 'discriminator': '5472', 'public_flags': 0, 'flags': 0, 'bot': True, 'banner': None, 'accent_color': None, 'global_name': None, 'avatar_decoration_data': None, 'collectibles': None, 'banner_color': None, 'clan': None, 'primary_guild': None}, 'pinned': False, 'mention_everyone': False, 'tts': False, 'nonce': '12193757638084595221'}
[2025-06-26 19:53:39] [DEBUG   ] discord.client: Dispatching event command_completion
[2025-06-26 19:54:18] [DEBUG   ] discord.gateway: Keeping shard ID None websocket alive with sequence 11.
[2025-06-26 19:54:18] [DEBUG   ] discord.gateway: For Shard ID None: WebSocket Event: {'t': None, 's': None, 'op': 11, 'd': None}
[2025-06-26 19:54:59] [DEBUG   ] discord.gateway: Keeping shard ID None websocket alive with sequence 11.
[2025-06-26 19:54:59] [DEBUG   ] discord.gateway: For Shard ID None: WebSocket Event: {'t': None, 's': None, 'op': 11, 'd': None}
[2025-06-26 19:55:40] [DEBUG   ] discord.gateway: Keeping shard ID None websocket alive with sequence 11.
[2025-06-26 19:55:41] [DEBUG   ] discord.gateway: For Shard ID None: WebSocket Event: {'t': None, 's': None, 'op': 11, 'd': None}
[2025-06-26 19:56:22] [DEBUG   ] discord.gateway: Keeping shard ID None websocket alive with sequence 11.
[2025-06-26 19:56:22] [DEBUG   ] discord.gateway: For Shard ID None: WebSocket Event: {'t': None, 's': None, 'op': 11, 'd': None}
